<?xml version="1.0" encoding="UTF-8"?>
<testsuite xmlns:xsi="http://www.w3.org/2001/XMLSchema-instance" xsi:noNamespaceSchemaLocation="https://maven.apache.org/surefire/maven-surefire-plugin/xsd/surefire-test-report-3.0.xsd" version="3.0" name="examples.ExamplesTest" time="2.828" tests="1" errors="0" skipped="0" failures="0">
  <properties>
[...]
</properties>
  <testcase name="testParallel" classname="examples.ExamplesTest" time="2.815">
    <system-out><![CDATA[06:57:29.106 [main] DEBUG com.intuit.karate.Suite - [config] classpath:karate-config.js
06:57:29.677 [pool-2-thread-4] INFO  com.intuit.karate - karate.env system property was: null 
06:57:29.677 [pool-2-thread-2] INFO  com.intuit.karate - karate.env system property was: null 
06:57:29.677 [pool-2-thread-1] INFO  com.intuit.karate - karate.env system property was: null 
06:57:29.677 [pool-2-thread-3] INFO  com.intuit.karate - karate.env system property was: null 
06:57:29.852 [pool-2-thread-4] DEBUG com.intuit.karate - request:
1 > GET https://petstore.swagger.io/v2/pet/findByStatus?status=sold
1 > Host: petstore.swagger.io
1 > Connection: Keep-Alive
1 > User-Agent: Apache-HttpClient/4.5.14 (Java/21.0.4)
1 > Accept-Encoding: gzip,deflate


06:57:29.852 [pool-2-thread-1] DEBUG com.intuit.karate - request:
1 > POST https://petstore.swagger.io/v2/pet
1 > Content-Type: application/json; charset=UTF-8
1 > Content-Length: 136
1 > Host: petstore.swagger.io
1 > Connection: Keep-Alive
1 > User-Agent: Apache-HttpClient/4.5.14 (Java/21.0.4)
1 > Accept-Encoding: gzip,deflate
{"id":0,"category":{"id":0,"name":"string"},"name":"fido","photoUrls":["string"],"tags":[{"id":0,"name":"string"}],"status":"available"}

06:57:29.852 [pool-2-thread-3] DEBUG com.intuit.karate - request:
1 > POST https://petstore.swagger.io/v2/pet
1 > Content-Type: application/json; charset=UTF-8
1 > Content-Length: 139
1 > Host: petstore.swagger.io
1 > Connection: Keep-Alive
1 > User-Agent: Apache-HttpClient/4.5.14 (Java/21.0.4)
1 > Accept-Encoding: gzip,deflate
{"id":0,"category":{"id":0,"name":"string"},"name":"pulgoso","photoUrls":["string"],"tags":[{"id":0,"name":"string"}],"status":"available"}

06:57:29.852 [pool-2-thread-2] DEBUG com.intuit.karate - request:
1 > POST https://petstore.swagger.io/v2/pet
1 > Content-Type: application/json; charset=UTF-8
1 > Content-Length: 137
1 > Host: petstore.swagger.io
1 > Connection: Keep-Alive
1 > User-Agent: Apache-HttpClient/4.5.14 (Java/21.0.4)
1 > Accept-Encoding: gzip,deflate
{"id":0,"category":{"id":0,"name":"string"},"name":"rocko","photoUrls":["string"],"tags":[{"id":0,"name":"string"}],"status":"available"}

06:57:30.729 [pool-2-thread-2] DEBUG com.intuit.karate - response time in milliseconds: 873
1 < 200
1 < Date: Fri, 04 Oct 2024 11:57:30 GMT
1 < Content-Type: application/json
1 < Transfer-Encoding: chunked
1 < Connection: keep-alive
1 < Access-Control-Allow-Origin: *
1 < Access-Control-Allow-Methods: GET, POST, DELETE, PUT
1 < Access-Control-Allow-Headers: Content-Type, api_key, Authorization
1 < Server: Jetty(9.2.9.v20150224)
{"id":9223372036854775807,"category":{"id":0,"name":"string"},"name":"rocko","photoUrls":["string"],"tags":[{"id":0,"name":"string"}],"status":"available"}

06:57:30.729 [pool-2-thread-3] DEBUG com.intuit.karate - response time in milliseconds: 873
1 < 200
1 < Date: Fri, 04 Oct 2024 11:57:30 GMT
1 < Content-Type: application/json
1 < Transfer-Encoding: chunked
1 < Connection: keep-alive
1 < Access-Control-Allow-Origin: *
1 < Access-Control-Allow-Methods: GET, POST, DELETE, PUT
1 < Access-Control-Allow-Headers: Content-Type, api_key, Authorization
1 < Server: Jetty(9.2.9.v20150224)
{"id":9223372036854775807,"category":{"id":0,"name":"string"},"name":"pulgoso","photoUrls":["string"],"tags":[{"id":0,"name":"string"}],"status":"available"}

06:57:30.729 [pool-2-thread-1] DEBUG com.intuit.karate - response time in milliseconds: 874
1 < 200
1 < Date: Fri, 04 Oct 2024 11:57:30 GMT
1 < Content-Type: application/json
1 < Transfer-Encoding: chunked
1 < Connection: keep-alive
1 < Access-Control-Allow-Origin: *
1 < Access-Control-Allow-Methods: GET, POST, DELETE, PUT
1 < Access-Control-Allow-Headers: Content-Type, api_key, Authorization
1 < Server: Jetty(9.2.9.v20150224)
{"id":9223372036854775807,"category":{"id":0,"name":"string"},"name":"fido","photoUrls":["string"],"tags":[{"id":0,"name":"string"}],"status":"available"}

06:57:30.729 [pool-2-thread-4] DEBUG com.intuit.karate - response time in milliseconds: 874
1 < 200
1 < Date: Fri, 04 Oct 2024 11:57:30 GMT
1 < Content-Type: application/json
1 < Transfer-Encoding: chunked
1 < Connection: keep-alive
1 < Access-Control-Allow-Origin: *
1 < Access-Control-Allow-Methods: GET, POST, DELETE, PUT
1 < Access-Control-Allow-Headers: Content-Type, api_key, Authorization
1 < Server: Jetty(9.2.9.v20150224)
[{"id":7574746,"category":{"id":1,"name":"Cat"},"name":"Hardy","photoUrls":["https://i.pinimg.com/originals/5c/2c/44/5c2c44f16da1caf134c00bc4f9c72ea0.jpg"],"tags":[{"id":7805,"name":"Mainecoon"}],"status":"sold"},{"id":331241414211,"category":{"id":3,"name":"123"},"name":"ddwq","photoUrls":["123","123131"],"tags":[{"id":1,"name":"123"}],"status":"sold"},{"id":17,"name":"Special_char_owner_!@#$^&()`.testing","photoUrls":["https://petstore3.swagger.io/resources/photos/623389095.jpg"],"tags":[],"status":"sold"},{"id":19467,"name":"見響见响仮仏!$%&()*+,-ƄƅƆḞḟṀʶʷʸăĄą","photoUrls":["https://petstore3.swagger.io/resources/photos/623389095.jpg"],"tags":[],"status":"sold"},{"id":9223372036854775642,"category":{"id":-29225102,"name":"Excepteur fugiat ut in"},"name":"doggie","photoUrls":["officia quis co","sit Lore"],"tags":[{"id":-9027978,"name":"enim"},{"id":-12646892,"name":"dolor exercitation eu elit"}],"status":"sold"},{"id":9223372036854775643,"category":{"id":-38125463,"name":"irure officia Excepteur a"},"name":"doggie","photoUrls":["mollit sint anim Excepteur","fugiat non nostrud amet"],"tags":[{"id":91190600,"name":"velit aute"},{"id":83461469,"name":"eiusmod sed deserunt proident"}],"status":"sold"},{"id":664041,"category":{"id":531587,"name":"sabre"},"name":"puppy2","photoUrls":["string"],"tags":[{"id":678887,"name":"sohan"}],"status":"sold"},{"id":567,"category":{"id":0,"name":"string"},"name":"doggie","photoUrls":["string"],"tags":[{"id":0,"name":"string"}],"status":"sold"}]

06:57:30.741 [pool-2-thread-2] INFO  com.intuit.karate - [print] pet id is:  9223372036854775807 
06:57:30.747 [pool-2-thread-3] INFO  com.intuit.karate - [print] pet id is:  9223372036854775807 
06:57:30.751 [pool-2-thread-2] DEBUG com.intuit.karate - request:
2 > GET https://petstore.swagger.io/v2/pet/9223372036854775807
2 > Host: petstore.swagger.io
2 > Connection: Keep-Alive
2 > User-Agent: Apache-HttpClient/4.5.14 (Java/21.0.4)
2 > Accept-Encoding: gzip,deflate


06:57:30.752 [pool-2-thread-3] DEBUG com.intuit.karate - request:
2 > POST https://petstore.swagger.io/v2/pet/9223372036854775807?name=rufo&status=sold
2 > accept: application/json
2 > content-type: application/x-www-form-urlencoded
2 > Host: petstore.swagger.io
2 > Connection: Keep-Alive
2 > User-Agent: Apache-HttpClient/4.5.14 (Java/21.0.4)
2 > Accept-Encoding: gzip,deflate


06:57:31.043 [pool-2-thread-3] DEBUG com.intuit.karate - response time in milliseconds: 290
2 < 200
2 < Date: Fri, 04 Oct 2024 11:57:30 GMT
2 < Content-Type: application/json
2 < Transfer-Encoding: chunked
2 < Connection: keep-alive
2 < Access-Control-Allow-Origin: *
2 < Access-Control-Allow-Methods: GET, POST, DELETE, PUT
2 < Access-Control-Allow-Headers: Content-Type, api_key, Authorization
2 < Server: Jetty(9.2.9.v20150224)
{"code":200,"type":"unknown","message":"9223372036854775807"}

06:57:31.043 [pool-2-thread-2] DEBUG com.intuit.karate - response time in milliseconds: 291
2 < 200
2 < Date: Fri, 04 Oct 2024 11:57:30 GMT
2 < Content-Type: application/json
2 < Transfer-Encoding: chunked
2 < Connection: keep-alive
2 < Access-Control-Allow-Origin: *
2 < Access-Control-Allow-Methods: GET, POST, DELETE, PUT
2 < Access-Control-Allow-Headers: Content-Type, api_key, Authorization
2 < Server: Jetty(9.2.9.v20150224)
{"id":9223372036854775807,"category":{"id":0,"name":"string"},"name":"rufo","photoUrls":["string"],"tags":[{"id":0,"name":"string"}],"status":"sold"}

---------------------------------------------------------
feature: classpath:examples/pets/pets.feature
scenarios:  4 | passed:  4 | failed:  0 | time: 4,8042
---------------------------------------------------------

06:57:31.404 [pool-3-thread-1] INFO  com.intuit.karate.Suite - <<pass>> feature 1 of 1 (0 remaining) classpath:examples/pets/pets.feature
Karate version: 1.5.0
======================================================
elapsed:   2,58 | threads:    5 | thread time: 4,80 
features:     1 | skipped:    0 | efficiency: 0,37
scenarios:    4 | passed:     4 | failed: 0
======================================================

HTML report: (paste into browser to view) | Karate version: 1.5.0
file:///home/liliana/Documentos/PRACTICAS/KARATE/petstoreProject/target/karate-reports/karate-summary.html
===================================================================

]]></system-out>
  </testcase>
</testsuite>