<?xml version="1.0" encoding="UTF-8"?>
<testsuite xmlns:xsi="http://www.w3.org/2001/XMLSchema-instance" xsi:noNamespaceSchemaLocation="https://maven.apache.org/surefire/maven-surefire-plugin/xsd/surefire-test-report-3.0.xsd" version="3.0" name="examples.ExamplesTest" time="4.16" tests="1" errors="0" skipped="0" failures="0">
  <properties>
[...]
</properties>
  <testcase name="testParallel" classname="examples.ExamplesTest" time="4.133">
    <system-out><![CDATA[10:25:45.940 [main] DEBUG com.intuit.karate.Suite - [config] classpath:karate-config.js
10:25:47.039 [pool-2-thread-4] INFO  com.intuit.karate - karate.env system property was: null 
10:25:47.039 [pool-2-thread-2] INFO  com.intuit.karate - karate.env system property was: null 
10:25:47.039 [pool-2-thread-1] INFO  com.intuit.karate - karate.env system property was: null 
10:25:47.039 [pool-2-thread-3] INFO  com.intuit.karate - karate.env system property was: null 
10:25:47.341 [pool-2-thread-4] DEBUG com.intuit.karate - request:
1 > GET https://petstore.swagger.io/v2/pet/findByStatus?status=sold
1 > Host: petstore.swagger.io
1 > Connection: Keep-Alive
1 > User-Agent: Apache-HttpClient/4.5.14 (Java/21.0.4)
1 > Accept-Encoding: gzip,deflate


10:25:47.341 [pool-2-thread-3] DEBUG com.intuit.karate - request:
1 > POST https://petstore.swagger.io/v2/pet
1 > Content-Type: application/json; charset=UTF-8
1 > Content-Length: 139
1 > Host: petstore.swagger.io
1 > Connection: Keep-Alive
1 > User-Agent: Apache-HttpClient/4.5.14 (Java/21.0.4)
1 > Accept-Encoding: gzip,deflate
{"id":0,"category":{"id":0,"name":"string"},"name":"pulgoso","photoUrls":["string"],"tags":[{"id":0,"name":"string"}],"status":"available"}

10:25:47.341 [pool-2-thread-1] DEBUG com.intuit.karate - request:
1 > POST https://petstore.swagger.io/v2/pet
1 > Content-Type: application/json; charset=UTF-8
1 > Content-Length: 136
1 > Host: petstore.swagger.io
1 > Connection: Keep-Alive
1 > User-Agent: Apache-HttpClient/4.5.14 (Java/21.0.4)
1 > Accept-Encoding: gzip,deflate
{"id":0,"category":{"id":0,"name":"string"},"name":"fido","photoUrls":["string"],"tags":[{"id":0,"name":"string"}],"status":"available"}

10:25:47.341 [pool-2-thread-2] DEBUG com.intuit.karate - request:
1 > POST https://petstore.swagger.io/v2/pet
1 > Content-Type: application/json; charset=UTF-8
1 > Content-Length: 137
1 > Host: petstore.swagger.io
1 > Connection: Keep-Alive
1 > User-Agent: Apache-HttpClient/4.5.14 (Java/21.0.4)
1 > Accept-Encoding: gzip,deflate
{"id":0,"category":{"id":0,"name":"string"},"name":"rocko","photoUrls":["string"],"tags":[{"id":0,"name":"string"}],"status":"available"}

10:25:48.002 [pool-2-thread-2] DEBUG com.intuit.karate - response time in milliseconds: 657
1 < 200
1 < Date: Wed, 02 Oct 2024 15:25:47 GMT
1 < Content-Type: application/json
1 < Transfer-Encoding: chunked
1 < Connection: keep-alive
1 < Access-Control-Allow-Origin: *
1 < Access-Control-Allow-Methods: GET, POST, DELETE, PUT
1 < Access-Control-Allow-Headers: Content-Type, api_key, Authorization
1 < Server: Jetty(9.2.9.v20150224)
{"id":9223372036854097668,"category":{"id":0,"name":"string"},"name":"rocko","photoUrls":["string"],"tags":[{"id":0,"name":"string"}],"status":"available"}

10:25:48.003 [pool-2-thread-3] DEBUG com.intuit.karate - response time in milliseconds: 657
1 < 200
1 < Date: Wed, 02 Oct 2024 15:25:47 GMT
1 < Content-Type: application/json
1 < Transfer-Encoding: chunked
1 < Connection: keep-alive
1 < Access-Control-Allow-Origin: *
1 < Access-Control-Allow-Methods: GET, POST, DELETE, PUT
1 < Access-Control-Allow-Headers: Content-Type, api_key, Authorization
1 < Server: Jetty(9.2.9.v20150224)
{"id":9223372036854097666,"category":{"id":0,"name":"string"},"name":"pulgoso","photoUrls":["string"],"tags":[{"id":0,"name":"string"}],"status":"available"}

10:25:48.003 [pool-2-thread-4] DEBUG com.intuit.karate - response time in milliseconds: 657
1 < 200
1 < Date: Wed, 02 Oct 2024 15:25:47 GMT
1 < Content-Type: application/json
1 < Transfer-Encoding: chunked
1 < Connection: keep-alive
1 < Access-Control-Allow-Origin: *
1 < Access-Control-Allow-Methods: GET, POST, DELETE, PUT
1 < Access-Control-Allow-Headers: Content-Type, api_key, Authorization
1 < Server: Jetty(9.2.9.v20150224)
[{"id":9223372036854096813,"category":{"id":0,"name":"string"},"name":"pecas","photoUrls":["string"],"tags":[{"id":0,"name":"string"}],"status":"sold"},{"id":40501,"category":{"id":1,"name":"Dog"},"name":"Cooper","photoUrls":["http://test_link.jpg"],"tags":[{"id":11,"name":"Shepherd"}],"status":"sold"},{"id":9223372036854096836,"category":{"id":0,"name":"string"},"name":"pecas","photoUrls":["string"],"tags":[{"id":0,"name":"string"}],"status":"sold"},{"id":9223372036854096851,"category":{"id":0,"name":"string"},"name":"pecas","photoUrls":["string"],"tags":[{"id":0,"name":"string"}],"status":"sold"},{"id":20593238,"category":{"id":96650357,"name":"ut aute"},"name":"doggie","photoUrls":["in deserunt sit qui elit","do dolore"],"tags":[{"id":80489283,"name":"dolore elit aute Excepteur anim"},{"id":-29854588,"name":"enim"}],"status":"sold"},{"id":9223372036854096883,"category":{"id":35,"name":"caini"},"name":"Bret","photoUrls":[],"tags":[{"id":1,"name":"dalmatian"}],"status":"sold"},{"id":9223372036854096884,"name":"Bret","photoUrls":[],"tags":[{"id":1,"name":"dalmatian"}],"status":"sold"},{"id":1234567,"category":{"id":35,"name":"caini"},"name":"Grivei update","photoUrls":[],"tags":[{"id":1,"name":"dalmatian"}],"status":"sold"},{"id":7574746,"category":{"id":1,"name":"Cat"},"name":"Hardy","photoUrls":["https://i.pinimg.com/originals/5c/2c/44/5c2c44f16da1caf134c00bc4f9c72ea0.jpg"],"tags":[{"id":7805,"name":"Mainecoon"}],"status":"sold"},{"id":32092,"category":{"id":1,"name":"Dog"},"name":"Cooper","photoUrls":["http://test_link.jpg"],"tags":[{"id":11,"name":"Shepherd"}],"status":"sold"},{"id":8118,"category":{"id":888,"name":"dog"},"name":"butcher","photoUrls":["string"],"tags":[{"id":0,"name":"string"}],"status":"sold"},{"id":9223372036854097150,"category":{"id":0,"name":"raven"},"name":"Rex","photoUrls":["https://example.com/image8786.jpg"],"tags":[{"id":0,"name":"bat"}],"status":"sold"},{"id":9223372036854097155,"category":{"id":0,"name":"string"},"name":"pecas","photoUrls":["string"],"tags":[{"id":0,"name":"string"}],"status":"sold"},{"id":9223372036854097172,"category":{"id":0,"name":"string"},"name":"pecas","photoUrls":["string"],"tags":[{"id":0,"name":"string"}],"status":"sold"},{"id":9223372036854097181,"category":{"id":0,"name":"string"},"name":"pecas","photoUrls":["string"],"tags":[{"id":0,"name":"string"}],"status":"sold"},{"id":9223372036854097198,"category":{"id":0,"name":"string"},"name":"pecas","photoUrls":["string"],"tags":[{"id":0,"name":"string"}],"status":"sold"},{"id":9,"category":{"id":0,"name":"cats"},"name":"King Kong","photoUrls":["string"],"tags":[{"id":0,"name":"string"}],"status":"sold"},{"id":9223372036854097211,"category":{"id":0,"name":"string"},"name":"pecas","photoUrls":["string"],"tags":[{"id":0,"name":"string"}],"status":"sold"},{"id":9223372036854097322,"category":{"id":0,"name":"string"},"name":"pecas","photoUrls":["string"],"tags":[{"id":0,"name":"string"}],"status":"sold"},{"id":9223372036854097342,"category":{"id":345,"name":"Fish555"},"name":"Goldy","photoUrls":["www.google.com","www.facebook.com"],"tags":[{"id":33,"name":"Golden"}],"status":"sold"},{"id":9223372036854097359,"category":{"id":0,"name":"string"},"name":"pecas","photoUrls":["string"],"tags":[{"id":0,"name":"string"}],"status":"sold"},{"id":10,"category":{"id":10,"name":"string"},"name":"Hershey","photoUrls":["string"],"tags":[{"id":10,"name":"string"}],"status":"sold"},{"id":9223372036854097389,"category":{"id":0,"name":"string"},"name":"pecas","photoUrls":["string"],"tags":[{"id":0,"name":"string"}],"status":"sold"},{"id":9223372036854097405,"category":{"id":0,"name":"string"},"name":"pecas","photoUrls":["string"],"tags":[{"id":0,"name":"string"}],"status":"sold"},{"id":9223372036854097418,"category":{"id":0,"name":"string"},"name":"pecas","photoUrls":["string"],"tags":[{"id":0,"name":"string"}],"status":"sold"},{"id":9223372036854097441,"category":{"id":0,"name":"string"},"name":"pecas","photoUrls":["string"],"tags":[{"id":0,"name":"string"}],"status":"sold"},{"id":9223372036854097654,"category":{"id":0,"name":"string"},"name":"rufo","photoUrls":["string"],"tags":[{"id":0,"name":"string"}],"status":"sold"}]

10:25:48.003 [pool-2-thread-1] DEBUG com.intuit.karate - response time in milliseconds: 657
1 < 200
1 < Date: Wed, 02 Oct 2024 15:25:47 GMT
1 < Content-Type: application/json
1 < Transfer-Encoding: chunked
1 < Connection: keep-alive
1 < Access-Control-Allow-Origin: *
1 < Access-Control-Allow-Methods: GET, POST, DELETE, PUT
1 < Access-Control-Allow-Headers: Content-Type, api_key, Authorization
1 < Server: Jetty(9.2.9.v20150224)
{"id":9223372036854097667,"category":{"id":0,"name":"string"},"name":"fido","photoUrls":["string"],"tags":[{"id":0,"name":"string"}],"status":"available"}

10:25:48.017 [pool-2-thread-2] INFO  com.intuit.karate - [print] pet id is:  9223372036854097668 
10:25:48.026 [pool-2-thread-3] INFO  com.intuit.karate - [print] pet id is:  9223372036854097666 
10:25:48.031 [pool-2-thread-2] DEBUG com.intuit.karate - request:
2 > GET https://petstore.swagger.io/v2/pet/9223372036854097668
2 > Host: petstore.swagger.io
2 > Connection: Keep-Alive
2 > User-Agent: Apache-HttpClient/4.5.14 (Java/21.0.4)
2 > Accept-Encoding: gzip,deflate


10:25:48.035 [pool-2-thread-3] DEBUG com.intuit.karate - request:
2 > POST https://petstore.swagger.io/v2/pet/9223372036854097666?name=rufo&status=sold
2 > accept: application/json
2 > content-type: application/x-www-form-urlencoded
2 > Host: petstore.swagger.io
2 > Connection: Keep-Alive
2 > User-Agent: Apache-HttpClient/4.5.14 (Java/21.0.4)
2 > Accept-Encoding: gzip,deflate


10:25:48.346 [pool-2-thread-2] DEBUG com.intuit.karate - response time in milliseconds: 313
2 < 200
2 < Date: Wed, 02 Oct 2024 15:25:48 GMT
2 < Content-Type: application/json
2 < Transfer-Encoding: chunked
2 < Connection: keep-alive
2 < Access-Control-Allow-Origin: *
2 < Access-Control-Allow-Methods: GET, POST, DELETE, PUT
2 < Access-Control-Allow-Headers: Content-Type, api_key, Authorization
2 < Server: Jetty(9.2.9.v20150224)
{"id":9223372036854097668,"category":{"id":0,"name":"string"},"name":"rocko","photoUrls":["string"],"tags":[{"id":0,"name":"string"}],"status":"available"}

10:25:48.351 [pool-2-thread-3] DEBUG com.intuit.karate - response time in milliseconds: 314
2 < 200
2 < Date: Wed, 02 Oct 2024 15:25:48 GMT
2 < Content-Type: application/json
2 < Transfer-Encoding: chunked
2 < Connection: keep-alive
2 < Access-Control-Allow-Origin: *
2 < Access-Control-Allow-Methods: GET, POST, DELETE, PUT
2 < Access-Control-Allow-Headers: Content-Type, api_key, Authorization
2 < Server: Jetty(9.2.9.v20150224)
{"code":200,"type":"unknown","message":"9223372036854097666"}

---------------------------------------------------------
feature: classpath:examples/pets/pets.feature
scenarios:  4 | passed:  4 | failed:  0 | time: 4,4644
---------------------------------------------------------

10:25:49.045 [pool-3-thread-1] INFO  com.intuit.karate.Suite - <<pass>> feature 1 of 1 (0 remaining) classpath:examples/pets/pets.feature
Karate version: 1.5.0
======================================================
elapsed:   3,64 | threads:    5 | thread time: 4,46 
features:     1 | skipped:    0 | efficiency: 0,25
scenarios:    4 | passed:     4 | failed: 0
======================================================

HTML report: (paste into browser to view) | Karate version: 1.5.0
file:///home/liliana/Documentos/PRACTICAS/KARATE/petstoreProject/target/karate-reports/karate-summary.html
===================================================================

]]></system-out>
  </testcase>
</testsuite>